mode: set
github.com/abhishek-devani/Gophercises/go/src/github.com/abhishek-devani/Gophercises/image/main.go:33.58,41.2 2 1
github.com/abhishek-devani/Gophercises/go/src/github.com/abhishek-devani/Gophercises/image/main.go:43.60,46.16 3 1
github.com/abhishek-devani/Gophercises/go/src/github.com/abhishek-devani/Gophercises/image/main.go:49.2,54.19 4 0
github.com/abhishek-devani/Gophercises/go/src/github.com/abhishek-devani/Gophercises/image/main.go:59.2,60.16 2 0
github.com/abhishek-devani/Gophercises/go/src/github.com/abhishek-devani/Gophercises/image/main.go:64.2,65.16 2 0
github.com/abhishek-devani/Gophercises/go/src/github.com/abhishek-devani/Gophercises/image/main.go:70.2,71.16 2 0
github.com/abhishek-devani/Gophercises/go/src/github.com/abhishek-devani/Gophercises/image/main.go:74.2,75.72 2 0
github.com/abhishek-devani/Gophercises/go/src/github.com/abhishek-devani/Gophercises/image/main.go:46.16,48.3 1 1
github.com/abhishek-devani/Gophercises/go/src/github.com/abhishek-devani/Gophercises/image/main.go:54.19,57.3 2 0
github.com/abhishek-devani/Gophercises/go/src/github.com/abhishek-devani/Gophercises/image/main.go:60.16,62.3 1 0
github.com/abhishek-devani/Gophercises/go/src/github.com/abhishek-devani/Gophercises/image/main.go:65.16,68.3 2 0
github.com/abhishek-devani/Gophercises/go/src/github.com/abhishek-devani/Gophercises/image/main.go:71.16,73.3 1 0
github.com/abhishek-devani/Gophercises/go/src/github.com/abhishek-devani/Gophercises/image/main.go:78.60,80.25 2 1
github.com/abhishek-devani/Gophercises/go/src/github.com/abhishek-devani/Gophercises/image/main.go:83.2,87.26 4 1
github.com/abhishek-devani/Gophercises/go/src/github.com/abhishek-devani/Gophercises/image/main.go:90.2,92.26 3 1
github.com/abhishek-devani/Gophercises/go/src/github.com/abhishek-devani/Gophercises/image/main.go:95.2,95.80 1 1
github.com/abhishek-devani/Gophercises/go/src/github.com/abhishek-devani/Gophercises/image/main.go:80.25,82.3 1 1
github.com/abhishek-devani/Gophercises/go/src/github.com/abhishek-devani/Gophercises/image/main.go:87.26,89.3 1 1
github.com/abhishek-devani/Gophercises/go/src/github.com/abhishek-devani/Gophercises/image/main.go:92.26,94.3 1 1
github.com/abhishek-devani/Gophercises/go/src/github.com/abhishek-devani/Gophercises/image/main.go:98.13,109.10 7 1
github.com/abhishek-devani/Gophercises/go/src/github.com/abhishek-devani/Gophercises/image/main.go:109.10,114.3 4 1
github.com/abhishek-devani/Gophercises/go/src/github.com/abhishek-devani/Gophercises/image/main.go:114.8,116.3 1 0
github.com/abhishek-devani/Gophercises/go/src/github.com/abhishek-devani/Gophercises/image/main.go:125.125,133.25 3 1
github.com/abhishek-devani/Gophercises/go/src/github.com/abhishek-devani/Gophercises/image/main.go:137.2,151.27 5 1
github.com/abhishek-devani/Gophercises/go/src/github.com/abhishek-devani/Gophercises/image/main.go:158.2,159.25 2 1
github.com/abhishek-devani/Gophercises/go/src/github.com/abhishek-devani/Gophercises/image/main.go:162.2,162.12 1 1
github.com/abhishek-devani/Gophercises/go/src/github.com/abhishek-devani/Gophercises/image/main.go:133.25,135.3 1 1
github.com/abhishek-devani/Gophercises/go/src/github.com/abhishek-devani/Gophercises/image/main.go:151.27,157.3 1 1
github.com/abhishek-devani/Gophercises/go/src/github.com/abhishek-devani/Gophercises/image/main.go:159.25,161.3 1 1
github.com/abhishek-devani/Gophercises/go/src/github.com/abhishek-devani/Gophercises/image/main.go:165.100,173.25 3 1
github.com/abhishek-devani/Gophercises/go/src/github.com/abhishek-devani/Gophercises/image/main.go:177.2,190.27 5 1
github.com/abhishek-devani/Gophercises/go/src/github.com/abhishek-devani/Gophercises/image/main.go:196.2,197.25 2 1
github.com/abhishek-devani/Gophercises/go/src/github.com/abhishek-devani/Gophercises/image/main.go:200.2,200.12 1 1
github.com/abhishek-devani/Gophercises/go/src/github.com/abhishek-devani/Gophercises/image/main.go:173.25,175.3 1 1
github.com/abhishek-devani/Gophercises/go/src/github.com/abhishek-devani/Gophercises/image/main.go:190.27,195.3 1 1
github.com/abhishek-devani/Gophercises/go/src/github.com/abhishek-devani/Gophercises/image/main.go:197.25,199.3 1 1
github.com/abhishek-devani/Gophercises/go/src/github.com/abhishek-devani/Gophercises/image/main.go:203.81,205.27 2 1
github.com/abhishek-devani/Gophercises/go/src/github.com/abhishek-devani/Gophercises/image/main.go:213.2,213.17 1 1
github.com/abhishek-devani/Gophercises/go/src/github.com/abhishek-devani/Gophercises/image/main.go:205.27,208.26 3 1
github.com/abhishek-devani/Gophercises/go/src/github.com/abhishek-devani/Gophercises/image/main.go:211.3,211.23 1 1
github.com/abhishek-devani/Gophercises/go/src/github.com/abhishek-devani/Gophercises/image/main.go:208.26,210.4 1 1
github.com/abhishek-devani/Gophercises/go/src/github.com/abhishek-devani/Gophercises/image/main.go:216.92,219.25 2 1
github.com/abhishek-devani/Gophercises/go/src/github.com/abhishek-devani/Gophercises/image/main.go:223.2,224.25 2 1
github.com/abhishek-devani/Gophercises/go/src/github.com/abhishek-devani/Gophercises/image/main.go:228.2,230.28 3 1
github.com/abhishek-devani/Gophercises/go/src/github.com/abhishek-devani/Gophercises/image/main.go:219.25,221.3 1 1
github.com/abhishek-devani/Gophercises/go/src/github.com/abhishek-devani/Gophercises/image/main.go:224.25,226.3 1 1
github.com/abhishek-devani/Gophercises/go/src/github.com/abhishek-devani/Gophercises/image/main.go:234.53,237.25 2 1
github.com/abhishek-devani/Gophercises/go/src/github.com/abhishek-devani/Gophercises/image/main.go:241.2,242.56 2 1
github.com/abhishek-devani/Gophercises/go/src/github.com/abhishek-devani/Gophercises/image/main.go:237.25,239.3 1 1
